omega_b   omega_cdm   H0   A_s   n_s   tau_reio   r   A_ps_100   A_ps_143   A_ps_217   A_cib_143   A_cib_217   A_sz   r_ps   r_cib   n_Dl_cib   cal_100   cal_217   xi_sz_cib   A_ksz   Bm_1_1   z_reio   Omega_Lambda   YHe   ln10^{10}A_s   age   sigma8   
chains/a2_bao14/2014-04-08_16000__1.txt	 Number of steps:14503	Steps accepted:1010	acc = 0.07	min(-loglike) = 4923.20 
chains/a2_bao14/2014-04-08_16000__2.txt	 Number of steps:14589	Steps accepted:990	acc = 0.068	min(-loglike) = 4923.03 
chains/a2_bao14/2014-04-08_16000__3.txt	 Number of steps:14199	Steps accepted:940	acc = 0.066	min(-loglike) = 4921.77 
chains/a2_bao14/2014-04-08_16000__4.txt	 Number of steps:14722	Steps accepted:980	acc = 0.067	min(-loglike) = 4923.08 
chains/a2_bao14/2014-04-08_16000__5.txt	 Number of steps:14147	Steps accepted:955	acc = 0.068	min(-loglike) = 4922.66 
chains/a2_bao14/2014-04-08_16000__6.txt	 Number of steps:14451	Steps accepted:980	acc = 0.068	min(-loglike) = 4922.98 
chains/a2_bao14/2014-04-08_16000__7.txt	 Number of steps:14417	Steps accepted:880	acc = 0.061	min(-loglike) = 4922.99 
chains/a2_bao14/2014-04-08_16000__8.txt	 Number of steps:13653	Steps accepted:950	acc = 0.07	min(-loglike) = 4921.51 
chains/a2_bao14/2014-04-08_16000__9.txt	 Number of steps:15787	Steps accepted:915	acc = 0.058	min(-loglike) = 4923.62 
chains/a2_bao14/2014-04-08_16000__10.txt	 Number of steps:13153	Steps accepted:965	acc = 0.073	min(-loglike) = 4922.27 
chains/a2_bao14/2014-04-08_16000__11.txt	 Number of steps:16000	Steps accepted:856	acc = 0.053	min(-loglike) = 4922.56 
chains/a2_bao14/2014-04-08_16000__12.txt	 Number of steps:14593	Steps accepted:955	acc = 0.065	min(-loglike) = 4922.03 
chains/a2_bao14/2014-04-08_16000__13.txt	 Number of steps:13665	Steps accepted:960	acc = 0.07	min(-loglike) = 4923.09 
chains/a2_bao14/2014-04-08_16000__14.txt	 Number of steps:13552	Steps accepted:960	acc = 0.071	min(-loglike) = 4921.92 
chains/a2_bao14/2014-04-08_16000__15.txt	 Number of steps:14518	Steps accepted:955	acc = 0.066	min(-loglike) = 4922.98 
chains/a2_bao14/2014-04-08_16000__16.txt	 Number of steps:14199	Steps accepted:975	acc = 0.069	min(-loglike) = 4923.60 
chains/a2_bao14/2014-04-08_16000__17.txt	 Number of steps:15132	Steps accepted:935	acc = 0.062	min(-loglike) = 4923.60 
chains/a2_bao14/2014-04-08_16000__18.txt	 Number of steps:14337	Steps accepted:895	acc = 0.062	min(-loglike) = 4922.18 
chains/a2_bao14/2014-04-08_16000__19.txt	 Number of steps:14376	Steps accepted:885	acc = 0.062	min(-loglike) = 4922.59 
chains/a2_bao14/2014-04-08_16000__20.txt	 Number of steps:13928	Steps accepted:955	acc = 0.069	min(-loglike) = 4922.82 
chains/a2_bao14/2014-04-08_16000__21.txt	 Number of steps:13394	Steps accepted:945	acc = 0.071	min(-loglike) = 4922.83 
chains/a2_bao14/2014-04-08_16000__22.txt	 Number of steps:13399	Steps accepted:1050	acc = 0.078	min(-loglike) = 4923.03 
chains/a2_bao14/2014-04-08_16000__23.txt	 Number of steps:13913	Steps accepted:945	acc = 0.068	min(-loglike) = 4924.11 
chains/a2_bao14/2014-04-08_16000__24.txt	 Number of steps:14038	Steps accepted:910	acc = 0.065	min(-loglike) = 4923.18 
chains/a2_bao14/2014-04-08_16000__25.txt	 Number of steps:14061	Steps accepted:845	acc = 0.06	min(-loglike) = 4923.63 
chains/a2_bao14/2014-04-08_16000__26.txt	 Number of steps:14809	Steps accepted:970	acc = 0.066	min(-loglike) = 4922.80 
chains/a2_bao14/2014-04-08_16000__27.txt	 Number of steps:13471	Steps accepted:930	acc = 0.069	min(-loglike) = 4922.77 
chains/a2_bao14/2014-04-08_16000__28.txt	 Number of steps:13751	Steps accepted:945	acc = 0.069	min(-loglike) = 4923.20 
chains/a2_bao14/2014-04-08_16000__29.txt	 Number of steps:14169	Steps accepted:940	acc = 0.066	min(-loglike) = 4923.18 
chains/a2_bao14/2014-04-08_16000__30.txt	 Number of steps:14197	Steps accepted:955	acc = 0.067	min(-loglike) = 4923.63 
chains/a2_bao14/2014-04-08_16000__31.txt	 Number of steps:14478	Steps accepted:960	acc = 0.066	min(-loglike) = 4922.38 
chains/a2_bao14/2014-04-08_16000__32.txt	 Number of steps:14961	Steps accepted:910	acc = 0.061	min(-loglike) = 4923.06 
chains/a2_bao14/2014-04-08_16000__33.txt	 Number of steps:14380	Steps accepted:910	acc = 0.063	min(-loglike) = 4922.40 
chains/a2_bao14/2014-04-08_16000__34.txt	 Number of steps:12897	Steps accepted:940	acc = 0.073	min(-loglike) = 4923.27 
chains/a2_bao14/2014-04-08_16000__35.txt	 Number of steps:13903	Steps accepted:930	acc = 0.067	min(-loglike) = 4922.66 
chains/a2_bao14/2014-04-08_16000__36.txt	 Number of steps:14813	Steps accepted:925	acc = 0.062	min(-loglike) = 4923.23 
chains/a2_bao14/2014-04-08_16000__37.txt	 Number of steps:12691	Steps accepted:895	acc = 0.071	min(-loglike) = 4923.10 
chains/a2_bao14/2014-04-08_16000__38.txt	 Number of steps:14095	Steps accepted:945	acc = 0.067	min(-loglike) = 4923.37 
chains/a2_bao14/2014-04-08_16000__39.txt	 Number of steps:14207	Steps accepted:920	acc = 0.065	min(-loglike) = 4922.14 
chains/a2_bao14/2014-04-08_16000__40.txt	 Number of steps:14565	Steps accepted:1010	acc = 0.069	min(-loglike) = 4923.56 
chains/a2_bao14/2014-04-08_16000__41.txt	 Number of steps:15902	Steps accepted:960	acc = 0.06	min(-loglike) = 4922.52 
chains/a2_bao14/2014-04-08_16000__42.txt	 Number of steps:16000	Steps accepted:1100	acc = 0.069	min(-loglike) = 4923.57 
chains/a2_bao14/2014-04-08_16000__43.txt	 Number of steps:16000	Steps accepted:1156	acc = 0.072	min(-loglike) = 4923.31 
chains/a2_bao14/2014-04-08_16000__44.txt	 Number of steps:13812	Steps accepted:915	acc = 0.066	min(-loglike) = 4923.24 
chains/a2_bao14/2014-04-08_16000__45.txt	 Number of steps:16000	Steps accepted:1242	acc = 0.078	min(-loglike) = 4922.24 
chains/a2_bao14/2014-04-08_16000__46.txt	 Number of steps:13198	Steps accepted:1000	acc = 0.076	min(-loglike) = 4921.79 
chains/a2_bao14/2014-04-08_16000__47.txt	 Number of steps:16000	Steps accepted:963	acc = 0.06	min(-loglike) = 4921.74 
chains/a2_bao14/2014-04-08_16000__48.txt	 Number of steps:13344	Steps accepted:920	acc = 0.069	min(-loglike) = 4922.98 
chains/a2_bao14/2014-04-08_16000__49.txt	 Number of steps:14012	Steps accepted:950	acc = 0.068	min(-loglike) = 4923.46 
chains/a2_bao14/2014-04-08_16000__50.txt	 Number of steps:13601	Steps accepted:975	acc = 0.072	min(-loglike) = 4924.01 
chains/a2_bao14/2014-04-08_16000__51.txt	 Number of steps:14173	Steps accepted:955	acc = 0.067	min(-loglike) = 4922.99 
chains/a2_bao14/2014-04-08_16000__52.txt	 Number of steps:13198	Steps accepted:970	acc = 0.073	min(-loglike) = 4923.61 
chains/a2_bao14/2014-04-08_16000__53.txt	 Number of steps:14123	Steps accepted:970	acc = 0.069	min(-loglike) = 4923.29 
chains/a2_bao14/2014-04-08_16000__54.txt	 Number of steps:14342	Steps accepted:960	acc = 0.067	min(-loglike) = 4923.50 
chains/a2_bao14/2014-04-08_16000__55.txt	 Number of steps:14303	Steps accepted:995	acc = 0.07	min(-loglike) = 4922.92 
chains/a2_bao14/2014-04-08_16000__56.txt	 Number of steps:13692	Steps accepted:955	acc = 0.07	min(-loglike) = 4922.72 
chains/a2_bao14/2014-04-08_16000__57.txt	 Number of steps:14448	Steps accepted:975	acc = 0.067	min(-loglike) = 4923.17 
chains/a2_bao14/2014-04-08_16000__58.txt	 Number of steps:14467	Steps accepted:975	acc = 0.067	min(-loglike) = 4923.37 
chains/a2_bao14/2014-04-08_16000__59.txt	 Number of steps:15178	Steps accepted:965	acc = 0.064	min(-loglike) = 4923.40 
chains/a2_bao14/2014-04-08_16000__60.txt	 Number of steps:14887	Steps accepted:880	acc = 0.059	min(-loglike) = 4923.25 
chains/a2_bao14/2014-04-08_16000__61.txt	 Number of steps:15029	Steps accepted:900	acc = 0.06	min(-loglike) = 4923.45 
chains/a2_bao14/2014-04-08_16000__62.txt	 Number of steps:14056	Steps accepted:965	acc = 0.069	min(-loglike) = 4922.92 
chains/a2_bao14/2014-04-08_16000__63.txt	 Number of steps:14009	Steps accepted:985	acc = 0.07	min(-loglike) = 4922.52 
chains/a2_bao14/2014-04-08_16000__64.txt	 Number of steps:13790	Steps accepted:910	acc = 0.066	min(-loglike) = 4922.25 
chains/a2_bao14/2014-04-08_16000__65.txt	 Number of steps:14622	Steps accepted:955	acc = 0.065	min(-loglike) = 4923.21 
chains/a2_bao14/2014-04-08_16000__66.txt	 Number of steps:14049	Steps accepted:1055	acc = 0.075	min(-loglike) = 4923.12 
chains/a2_bao14/2014-04-08_16000__67.txt	 Number of steps:14449	Steps accepted:925	acc = 0.064	min(-loglike) = 4923.26 
chains/a2_bao14/2014-04-08_16000__68.txt	 Number of steps:14150	Steps accepted:960	acc = 0.068	min(-loglike) = 4923.15 
chains/a2_bao14/2014-04-08_16000__69.txt	 Number of steps:13731	Steps accepted:960	acc = 0.07	min(-loglike) = 4923.26 
chains/a2_bao14/2014-04-08_16000__70.txt	 Number of steps:14049	Steps accepted:940	acc = 0.067	min(-loglike) = 4922.88 
chains/a2_bao14/2014-04-08_16000__71.txt	 Number of steps:14310	Steps accepted:985	acc = 0.069	min(-loglike) = 4923.46 
chains/a2_bao14/2014-04-08_16000__72.txt	 Number of steps:14134	Steps accepted:880	acc = 0.062	min(-loglike) = 4923.07 
chains/a2_bao14/2014-04-08_16000__73.txt	 Number of steps:14408	Steps accepted:900	acc = 0.062	min(-loglike) = 4922.49 
chains/a2_bao14/2014-04-08_16000__74.txt	 Number of steps:14491	Steps accepted:960	acc = 0.066	min(-loglike) = 4923.21 
chains/a2_bao14/2014-04-08_16000__75.txt	 Number of steps:12729	Steps accepted:950	acc = 0.075	min(-loglike) = 4922.29 
chains/a2_bao14/2014-04-08_16000__76.txt	 Number of steps:14195	Steps accepted:995	acc = 0.07	min(-loglike) = 4922.93 
chains/a2_bao14/2014-04-08_16000__77.txt	 Number of steps:13781	Steps accepted:970	acc = 0.07	min(-loglike) = 4923.31 
chains/a2_bao14/2014-04-08_16000__78.txt	 Number of steps:13888	Steps accepted:1025	acc = 0.074	min(-loglike) = 4923.52 
chains/a2_bao14/2014-04-08_16000__79.txt	 Number of steps:14197	Steps accepted:950	acc = 0.067	min(-loglike) = 4923.15 
chains/a2_bao14/2014-04-08_16000__80.txt	 Number of steps:13459	Steps accepted:915	acc = 0.068	min(-loglike) = 4923.36 
chains/a2_bao14/2014-04-08_16000__81.txt	 Number of steps:14405	Steps accepted:965	acc = 0.067	min(-loglike) = 4923.13 
chains/a2_bao14/2014-04-08_16000__82.txt	 Number of steps:14248	Steps accepted:1000	acc = 0.07	min(-loglike) = 4923.24 
chains/a2_bao14/2014-04-08_16000__83.txt	 Number of steps:13772	Steps accepted:980	acc = 0.071	min(-loglike) = 4922.38 
chains/a2_bao14/2014-04-08_16000__84.txt	 Number of steps:15140	Steps accepted:900	acc = 0.059	min(-loglike) = 4923.23 
--> Total    number    of    steps: 1197884
--> Total number of accepted steps: 80387
--> Minimum of -logLike           : 4921.51